

Version:	3.12
CmdLine:	C:\Users\rhuan\Documents\NetBeansProjects\Pertochek501s\executavel\Transoft.exe --l4j-debug
WOW64:		yes
Working dir:	C:\Users\rhuan\Documents\NetBeansProjects\Pertochek501s\executavel\.
Java min ver:	
Java max ver:	
Bundled JRE:	C:\Users\rhuan\Documents\NetBeansProjects\Pertochek501s\executavel\
Check launcher:	C:\Users\rhuan\Documents\NetBeansProjects\Pertochek501s\executavel\bin\javaw.exe (not found)
Error msg:	This application was configured to use a bundled Java Runtime Environment but the runtime is missing or corrupted.


Version:	3.12
CmdLine:	C:\Users\rhuan\Documents\NetBeansProjects\Pertochek501s\executavel\Transoft.exe --l4j-debug
WOW64:		yes
Working dir:	C:\Users\rhuan\Documents\NetBeansProjects\Pertochek501s\executavel\.
Java min ver:	
Java max ver:	
Bundled JRE:	C:\Users\rhuan\Documents\NetBeansProjects\Pertochek501s\executavel\
Check launcher:	C:\Users\rhuan\Documents\NetBeansProjects\Pertochek501s\executavel\bin\javaw.exe (not found)
Error msg:	This application was configured to use a bundled Java Runtime Environment but the runtime is missing or corrupted.


Version:	3.12
CmdLine:	C:\Users\rhuan\Documents\NetBeansProjects\Pertochek501s\executavel\Transoft.exe --l4j-debug
WOW64:		yes
Working dir:	C:\Users\rhuan\Documents\NetBeansProjects\Pertochek501s\executavel\.
Java min ver:	
Java max ver:	
Bundled JRE:	C:\Users\rhuan\Documents\NetBeansProjects\Pertochek501s\executavel
Check launcher:	C:\Users\rhuan\Documents\NetBeansProjects\Pertochek501s\executavel\bin\javaw.exe (not found)
Error msg:	This application was configured to use a bundled Java Runtime Environment but the runtime is missing or corrupted.


Version:	3.12
CmdLine:	C:\Users\rhuan\Documents\NetBeansProjects\Pertochek501s\executavel\Transoft.exe --l4j-debug
WOW64:		yes
Working dir:	C:\Users\rhuan\Documents\NetBeansProjects\Pertochek501s\executavel\.
Java min ver:	
Java max ver:	
Bundled JRE:	C:\Users\rhuan\Documents\NetBeansProjects\Pertochek501s\executavel
Check launcher:	C:\Users\rhuan\Documents\NetBeansProjects\Pertochek501s\executavel\bin\javaw.exe (not found)
Error msg:	This application was configured to use a bundled Java Runtime Environment but the runtime is missing or corrupted.


Version:	3.12
CmdLine:	C:\Users\rhuan\Documents\NetBeansProjects\Pertochek501s\executavel\Transoft.exe --l4j-debug
WOW64:		yes
Working dir:	C:\Users\rhuan\Documents\NetBeansProjects\Pertochek501s\executavel\.
Java min ver:	
Java max ver:	
Bundled JRE:	JRE
Check launcher:	C:\Users\rhuan\Documents\NetBeansProjects\Pertochek501s\executavel\JRE\bin\javaw.exe (OK)
Launcher:	C:\Users\rhuan\Documents\NetBeansProjects\Pertochek501s\executavel\JRE\bin\javaw.exe
Launcher args:	-jar "C:\Users\rhuan\Documents\NetBeansProjects\Pertochek501s\executavel\Transoft.exe"
Args length:	86/32768 chars
Exit code:	0
